<?xml version="1.0" encoding="UTF-8"?>
<testsuite xmlns:xsi="http://www.w3.org/2001/XMLSchema-instance" xsi:noNamespaceSchemaLocation="https://maven.apache.org/surefire/maven-surefire-plugin/xsd/surefire-test-report.xsd" name="ua.home.dima.AppTest" time="0.033" tests="1" errors="0" skipped="0" failures="0">
  <properties>
    <property name="awt.toolkit" value="sun.awt.X11.XToolkit"/>
    <property name="file.encoding.pkg" value="sun.io"/>
    <property name="java.specification.version" value="1.8"/>
    <property name="sun.cpu.isalist" value=""/>
    <property name="sun.jnu.encoding" value="UTF-8"/>
    <property name="java.class.path" value="/home/dima/my/projects/IDEA_Proj/TelegramBot/TelegramBot/target/test-classes:/home/dima/my/projects/IDEA_Proj/TelegramBot/TelegramBot/target/classes:/home/dima/.m2/repository/junit/junit/4.11/junit-4.11.jar:/home/dima/.m2/repository/org/hamcrest/hamcrest-core/1.3/hamcrest-core-1.3.jar:/home/dima/.m2/repository/org/telegram/telegrambots/4.9.1/telegrambots-4.9.1.jar:/home/dima/.m2/repository/org/telegram/telegrambots-meta/4.9.1/telegrambots-meta-4.9.1.jar:/home/dima/.m2/repository/com/google/inject/guice/4.2.2/guice-4.2.2.jar:/home/dima/.m2/repository/javax/inject/javax.inject/1/javax.inject-1.jar:/home/dima/.m2/repository/aopalliance/aopalliance/1.0/aopalliance-1.0.jar:/home/dima/.m2/repository/com/google/guava/guava/28.1-jre/guava-28.1-jre.jar:/home/dima/.m2/repository/com/google/guava/failureaccess/1.0.1/failureaccess-1.0.1.jar:/home/dima/.m2/repository/com/google/guava/listenablefuture/9999.0-empty-to-avoid-conflict-with-guava/listenablefuture-9999.0-empty-to-avoid-conflict-with-guava.jar:/home/dima/.m2/repository/com/google/code/findbugs/jsr305/3.0.2/jsr305-3.0.2.jar:/home/dima/.m2/repository/org/checkerframework/checker-qual/2.8.1/checker-qual-2.8.1.jar:/home/dima/.m2/repository/com/google/errorprone/error_prone_annotations/2.3.2/error_prone_annotations-2.3.2.jar:/home/dima/.m2/repository/com/google/j2objc/j2objc-annotations/1.3/j2objc-annotations-1.3.jar:/home/dima/.m2/repository/org/codehaus/mojo/animal-sniffer-annotations/1.18/animal-sniffer-annotations-1.18.jar:/home/dima/.m2/repository/com/fasterxml/jackson/core/jackson-annotations/2.10.1/jackson-annotations-2.10.1.jar:/home/dima/.m2/repository/com/fasterxml/jackson/jaxrs/jackson-jaxrs-json-provider/2.10.1/jackson-jaxrs-json-provider-2.10.1.jar:/home/dima/.m2/repository/com/fasterxml/jackson/jaxrs/jackson-jaxrs-base/2.10.1/jackson-jaxrs-base-2.10.1.jar:/home/dima/.m2/repository/com/fasterxml/jackson/module/jackson-module-jaxb-annotations/2.10.1/jackson-module-jaxb-annotations-2.10.1.jar:/home/dima/.m2/repository/com/fasterxml/jackson/core/jackson-core/2.10.1/jackson-core-2.10.1.jar:/home/dima/.m2/repository/jakarta/xml/bind/jakarta.xml.bind-api/2.3.2/jakarta.xml.bind-api-2.3.2.jar:/home/dima/.m2/repository/jakarta/activation/jakarta.activation-api/1.2.1/jakarta.activation-api-1.2.1.jar:/home/dima/.m2/repository/com/fasterxml/jackson/core/jackson-databind/2.10.1/jackson-databind-2.10.1.jar:/home/dima/.m2/repository/org/glassfish/jersey/inject/jersey-hk2/2.29.1/jersey-hk2-2.29.1.jar:/home/dima/.m2/repository/org/glassfish/jersey/core/jersey-common/2.29.1/jersey-common-2.29.1.jar:/home/dima/.m2/repository/org/glassfish/hk2/osgi-resource-locator/1.0.3/osgi-resource-locator-1.0.3.jar:/home/dima/.m2/repository/org/glassfish/hk2/hk2-locator/2.6.1/hk2-locator-2.6.1.jar:/home/dima/.m2/repository/org/glassfish/hk2/external/aopalliance-repackaged/2.6.1/aopalliance-repackaged-2.6.1.jar:/home/dima/.m2/repository/org/glassfish/hk2/hk2-api/2.6.1/hk2-api-2.6.1.jar:/home/dima/.m2/repository/org/glassfish/hk2/hk2-utils/2.6.1/hk2-utils-2.6.1.jar:/home/dima/.m2/repository/org/javassist/javassist/3.22.0-CR2/javassist-3.22.0-CR2.jar:/home/dima/.m2/repository/org/glassfish/jersey/media/jersey-media-json-jackson/2.29.1/jersey-media-json-jackson-2.29.1.jar:/home/dima/.m2/repository/org/glassfish/jersey/ext/jersey-entity-filtering/2.29.1/jersey-entity-filtering-2.29.1.jar:/home/dima/.m2/repository/org/glassfish/jersey/containers/jersey-container-grizzly2-http/2.29.1/jersey-container-grizzly2-http-2.29.1.jar:/home/dima/.m2/repository/org/glassfish/hk2/external/jakarta.inject/2.6.1/jakarta.inject-2.6.1.jar:/home/dima/.m2/repository/org/glassfish/grizzly/grizzly-http-server/2.4.4/grizzly-http-server-2.4.4.jar:/home/dima/.m2/repository/org/glassfish/grizzly/grizzly-http/2.4.4/grizzly-http-2.4.4.jar:/home/dima/.m2/repository/org/glassfish/grizzly/grizzly-framework/2.4.4/grizzly-framework-2.4.4.jar:/home/dima/.m2/repository/jakarta/ws/rs/jakarta.ws.rs-api/2.1.6/jakarta.ws.rs-api-2.1.6.jar:/home/dima/.m2/repository/org/glassfish/jersey/core/jersey-server/2.29.1/jersey-server-2.29.1.jar:/home/dima/.m2/repository/org/glassfish/jersey/core/jersey-client/2.29.1/jersey-client-2.29.1.jar:/home/dima/.m2/repository/org/glassfish/jersey/media/jersey-media-jaxb/2.29.1/jersey-media-jaxb-2.29.1.jar:/home/dima/.m2/repository/jakarta/annotation/jakarta.annotation-api/1.3.5/jakarta.annotation-api-1.3.5.jar:/home/dima/.m2/repository/jakarta/validation/jakarta.validation-api/2.0.2/jakarta.validation-api-2.0.2.jar:/home/dima/.m2/repository/org/json/json/20180813/json-20180813.jar:/home/dima/.m2/repository/org/apache/httpcomponents/httpclient/4.5.10/httpclient-4.5.10.jar:/home/dima/.m2/repository/org/apache/httpcomponents/httpcore/4.4.12/httpcore-4.4.12.jar:/home/dima/.m2/repository/commons-logging/commons-logging/1.2/commons-logging-1.2.jar:/home/dima/.m2/repository/commons-codec/commons-codec/1.11/commons-codec-1.11.jar:/home/dima/.m2/repository/org/apache/httpcomponents/httpmime/4.5.10/httpmime-4.5.10.jar:/home/dima/.m2/repository/commons-io/commons-io/2.6/commons-io-2.6.jar:/home/dima/.m2/repository/org/slf4j/slf4j-api/1.7.29/slf4j-api-1.7.29.jar:/home/dima/.m2/repository/com/google/code/gson/gson/2.8.6/gson-2.8.6.jar:"/>
    <property name="java.vm.vendor" value="Oracle Corporation"/>
    <property name="sun.arch.data.model" value="64"/>
    <property name="java.vendor.url" value="http://java.oracle.com/"/>
    <property name="user.timezone" value=""/>
    <property name="java.vm.specification.version" value="1.8"/>
    <property name="os.name" value="Linux"/>
    <property name="user.country" value="US"/>
    <property name="sun.java.launcher" value="SUN_STANDARD"/>
    <property name="sun.boot.library.path" value="/usr/lib/jvm/jdk1.8.0_261/jre/lib/amd64"/>
    <property name="sun.java.command" value="/home/dima/my/projects/IDEA_Proj/TelegramBot/TelegramBot/target/surefire/surefirebooter5336789847743666761.jar /home/dima/my/projects/IDEA_Proj/TelegramBot/TelegramBot/target/surefire 2020-08-23T04-04-52_807-jvmRun1 surefire8982072647418265815tmp surefire_08381553168728662161tmp"/>
    <property name="surefire.test.class.path" value="/home/dima/my/projects/IDEA_Proj/TelegramBot/TelegramBot/target/test-classes:/home/dima/my/projects/IDEA_Proj/TelegramBot/TelegramBot/target/classes:/home/dima/.m2/repository/junit/junit/4.11/junit-4.11.jar:/home/dima/.m2/repository/org/hamcrest/hamcrest-core/1.3/hamcrest-core-1.3.jar:/home/dima/.m2/repository/org/telegram/telegrambots/4.9.1/telegrambots-4.9.1.jar:/home/dima/.m2/repository/org/telegram/telegrambots-meta/4.9.1/telegrambots-meta-4.9.1.jar:/home/dima/.m2/repository/com/google/inject/guice/4.2.2/guice-4.2.2.jar:/home/dima/.m2/repository/javax/inject/javax.inject/1/javax.inject-1.jar:/home/dima/.m2/repository/aopalliance/aopalliance/1.0/aopalliance-1.0.jar:/home/dima/.m2/repository/com/google/guava/guava/28.1-jre/guava-28.1-jre.jar:/home/dima/.m2/repository/com/google/guava/failureaccess/1.0.1/failureaccess-1.0.1.jar:/home/dima/.m2/repository/com/google/guava/listenablefuture/9999.0-empty-to-avoid-conflict-with-guava/listenablefuture-9999.0-empty-to-avoid-conflict-with-guava.jar:/home/dima/.m2/repository/com/google/code/findbugs/jsr305/3.0.2/jsr305-3.0.2.jar:/home/dima/.m2/repository/org/checkerframework/checker-qual/2.8.1/checker-qual-2.8.1.jar:/home/dima/.m2/repository/com/google/errorprone/error_prone_annotations/2.3.2/error_prone_annotations-2.3.2.jar:/home/dima/.m2/repository/com/google/j2objc/j2objc-annotations/1.3/j2objc-annotations-1.3.jar:/home/dima/.m2/repository/org/codehaus/mojo/animal-sniffer-annotations/1.18/animal-sniffer-annotations-1.18.jar:/home/dima/.m2/repository/com/fasterxml/jackson/core/jackson-annotations/2.10.1/jackson-annotations-2.10.1.jar:/home/dima/.m2/repository/com/fasterxml/jackson/jaxrs/jackson-jaxrs-json-provider/2.10.1/jackson-jaxrs-json-provider-2.10.1.jar:/home/dima/.m2/repository/com/fasterxml/jackson/jaxrs/jackson-jaxrs-base/2.10.1/jackson-jaxrs-base-2.10.1.jar:/home/dima/.m2/repository/com/fasterxml/jackson/module/jackson-module-jaxb-annotations/2.10.1/jackson-module-jaxb-annotations-2.10.1.jar:/home/dima/.m2/repository/com/fasterxml/jackson/core/jackson-core/2.10.1/jackson-core-2.10.1.jar:/home/dima/.m2/repository/jakarta/xml/bind/jakarta.xml.bind-api/2.3.2/jakarta.xml.bind-api-2.3.2.jar:/home/dima/.m2/repository/jakarta/activation/jakarta.activation-api/1.2.1/jakarta.activation-api-1.2.1.jar:/home/dima/.m2/repository/com/fasterxml/jackson/core/jackson-databind/2.10.1/jackson-databind-2.10.1.jar:/home/dima/.m2/repository/org/glassfish/jersey/inject/jersey-hk2/2.29.1/jersey-hk2-2.29.1.jar:/home/dima/.m2/repository/org/glassfish/jersey/core/jersey-common/2.29.1/jersey-common-2.29.1.jar:/home/dima/.m2/repository/org/glassfish/hk2/osgi-resource-locator/1.0.3/osgi-resource-locator-1.0.3.jar:/home/dima/.m2/repository/org/glassfish/hk2/hk2-locator/2.6.1/hk2-locator-2.6.1.jar:/home/dima/.m2/repository/org/glassfish/hk2/external/aopalliance-repackaged/2.6.1/aopalliance-repackaged-2.6.1.jar:/home/dima/.m2/repository/org/glassfish/hk2/hk2-api/2.6.1/hk2-api-2.6.1.jar:/home/dima/.m2/repository/org/glassfish/hk2/hk2-utils/2.6.1/hk2-utils-2.6.1.jar:/home/dima/.m2/repository/org/javassist/javassist/3.22.0-CR2/javassist-3.22.0-CR2.jar:/home/dima/.m2/repository/org/glassfish/jersey/media/jersey-media-json-jackson/2.29.1/jersey-media-json-jackson-2.29.1.jar:/home/dima/.m2/repository/org/glassfish/jersey/ext/jersey-entity-filtering/2.29.1/jersey-entity-filtering-2.29.1.jar:/home/dima/.m2/repository/org/glassfish/jersey/containers/jersey-container-grizzly2-http/2.29.1/jersey-container-grizzly2-http-2.29.1.jar:/home/dima/.m2/repository/org/glassfish/hk2/external/jakarta.inject/2.6.1/jakarta.inject-2.6.1.jar:/home/dima/.m2/repository/org/glassfish/grizzly/grizzly-http-server/2.4.4/grizzly-http-server-2.4.4.jar:/home/dima/.m2/repository/org/glassfish/grizzly/grizzly-http/2.4.4/grizzly-http-2.4.4.jar:/home/dima/.m2/repository/org/glassfish/grizzly/grizzly-framework/2.4.4/grizzly-framework-2.4.4.jar:/home/dima/.m2/repository/jakarta/ws/rs/jakarta.ws.rs-api/2.1.6/jakarta.ws.rs-api-2.1.6.jar:/home/dima/.m2/repository/org/glassfish/jersey/core/jersey-server/2.29.1/jersey-server-2.29.1.jar:/home/dima/.m2/repository/org/glassfish/jersey/core/jersey-client/2.29.1/jersey-client-2.29.1.jar:/home/dima/.m2/repository/org/glassfish/jersey/media/jersey-media-jaxb/2.29.1/jersey-media-jaxb-2.29.1.jar:/home/dima/.m2/repository/jakarta/annotation/jakarta.annotation-api/1.3.5/jakarta.annotation-api-1.3.5.jar:/home/dima/.m2/repository/jakarta/validation/jakarta.validation-api/2.0.2/jakarta.validation-api-2.0.2.jar:/home/dima/.m2/repository/org/json/json/20180813/json-20180813.jar:/home/dima/.m2/repository/org/apache/httpcomponents/httpclient/4.5.10/httpclient-4.5.10.jar:/home/dima/.m2/repository/org/apache/httpcomponents/httpcore/4.4.12/httpcore-4.4.12.jar:/home/dima/.m2/repository/commons-logging/commons-logging/1.2/commons-logging-1.2.jar:/home/dima/.m2/repository/commons-codec/commons-codec/1.11/commons-codec-1.11.jar:/home/dima/.m2/repository/org/apache/httpcomponents/httpmime/4.5.10/httpmime-4.5.10.jar:/home/dima/.m2/repository/commons-io/commons-io/2.6/commons-io-2.6.jar:/home/dima/.m2/repository/org/slf4j/slf4j-api/1.7.29/slf4j-api-1.7.29.jar:/home/dima/.m2/repository/com/google/code/gson/gson/2.8.6/gson-2.8.6.jar:"/>
    <property name="sun.cpu.endian" value="little"/>
    <property name="user.home" value="/home/dima"/>
    <property name="user.language" value="en"/>
    <property name="java.specification.vendor" value="Oracle Corporation"/>
    <property name="java.home" value="/usr/lib/jvm/jdk1.8.0_261/jre"/>
    <property name="basedir" value="/home/dima/my/projects/IDEA_Proj/TelegramBot/TelegramBot"/>
    <property name="file.separator" value="/"/>
    <property name="line.separator" value="&#10;"/>
    <property name="java.vm.specification.vendor" value="Oracle Corporation"/>
    <property name="java.specification.name" value="Java Platform API Specification"/>
    <property name="java.awt.graphicsenv" value="sun.awt.X11GraphicsEnvironment"/>
    <property name="surefire.real.class.path" value="/home/dima/my/projects/IDEA_Proj/TelegramBot/TelegramBot/target/surefire/surefirebooter5336789847743666761.jar"/>
    <property name="sun.boot.class.path" value="/usr/lib/jvm/jdk1.8.0_261/jre/lib/resources.jar:/usr/lib/jvm/jdk1.8.0_261/jre/lib/rt.jar:/usr/lib/jvm/jdk1.8.0_261/jre/lib/sunrsasign.jar:/usr/lib/jvm/jdk1.8.0_261/jre/lib/jsse.jar:/usr/lib/jvm/jdk1.8.0_261/jre/lib/jce.jar:/usr/lib/jvm/jdk1.8.0_261/jre/lib/charsets.jar:/usr/lib/jvm/jdk1.8.0_261/jre/lib/jfr.jar:/usr/lib/jvm/jdk1.8.0_261/jre/classes"/>
    <property name="sun.management.compiler" value="HotSpot 64-Bit Tiered Compilers"/>
    <property name="java.runtime.version" value="1.8.0_261-b12"/>
    <property name="user.name" value="dima"/>
    <property name="path.separator" value=":"/>
    <property name="os.version" value="5.4.0-40-generic"/>
    <property name="java.endorsed.dirs" value="/usr/lib/jvm/jdk1.8.0_261/jre/lib/endorsed"/>
    <property name="java.runtime.name" value="Java(TM) SE Runtime Environment"/>
    <property name="file.encoding" value="UTF-8"/>
    <property name="java.vm.name" value="Java HotSpot(TM) 64-Bit Server VM"/>
    <property name="localRepository" value="/home/dima/.m2/repository"/>
    <property name="java.vendor.url.bug" value="http://bugreport.sun.com/bugreport/"/>
    <property name="java.io.tmpdir" value="/tmp"/>
    <property name="java.version" value="1.8.0_261"/>
    <property name="user.dir" value="/home/dima/my/projects/IDEA_Proj/TelegramBot/TelegramBot"/>
    <property name="os.arch" value="amd64"/>
    <property name="java.vm.specification.name" value="Java Virtual Machine Specification"/>
    <property name="java.awt.printerjob" value="sun.print.PSPrinterJob"/>
    <property name="sun.os.patch.level" value="unknown"/>
    <property name="java.library.path" value="/usr/java/packages/lib/amd64:/usr/lib64:/lib64:/lib:/usr/lib"/>
    <property name="java.vm.info" value="mixed mode"/>
    <property name="java.vendor" value="Oracle Corporation"/>
    <property name="java.vm.version" value="25.261-b12"/>
    <property name="java.ext.dirs" value="/usr/lib/jvm/jdk1.8.0_261/jre/lib/ext:/usr/java/packages/lib/ext"/>
    <property name="sun.io.unicode.encoding" value="UnicodeLittle"/>
    <property name="java.class.version" value="52.0"/>
  </properties>
  <testcase name="shouldAnswerWithTrue" classname="ua.home.dima.AppTest" time="0.001"/>
</testsuite>